Analysis & Synthesis report for project3
Sun Jun 09 11:52:06 2019
Quartus II 32-bit Version 13.0.1 Build 232 06/12/2013 Service Pack 1 SJ Web Edition


---------------------
; Table of Contents ;
---------------------
  1. Legal Notice
  2. Analysis & Synthesis Summary
  3. Analysis & Synthesis Settings
  4. Parallel Compilation
  5. Analysis & Synthesis Source Files Read
  6. Analysis & Synthesis Resource Usage Summary
  7. Analysis & Synthesis Resource Utilization by Entity
  8. State Machine - |project3|next_s
  9. State Machine - |project3|actual_s
 10. User-Specified and Inferred Latches
 11. Registers Removed During Synthesis
 12. General Register Statistics
 13. Inverted Register Statistics
 14. Multiplexer Restructuring Statistics (Restructuring Performed)
 15. Parameter Settings for Inferred Entity Instance: divider:display|lpm_divide:Mod0
 16. Parameter Settings for Inferred Entity Instance: divider:display|lpm_divide:Div0
 17. Elapsed Time Per Partition
 18. Analysis & Synthesis Messages



----------------
; Legal Notice ;
----------------
Copyright (C) 1991-2013 Altera Corporation
Your use of Altera Corporation's design tools, logic functions 
and other software and tools, and its AMPP partner logic 
functions, and any output files from any of the foregoing 
(including device programming or simulation files), and any 
associated documentation or information are expressly subject 
to the terms and conditions of the Altera Program License 
Subscription Agreement, Altera MegaCore Function License 
Agreement, or other applicable license agreement, including, 
without limitation, that your use is for the sole purpose of 
programming logic devices manufactured by Altera and sold by 
Altera or its authorized distributors.  Please refer to the 
applicable agreement for further details.



+--------------------------------------------------------------------------------------+
; Analysis & Synthesis Summary                                                         ;
+------------------------------------+-------------------------------------------------+
; Analysis & Synthesis Status        ; Successful - Sun Jun 09 11:52:06 2019           ;
; Quartus II 32-bit Version          ; 13.0.1 Build 232 06/12/2013 SP 1 SJ Web Edition ;
; Revision Name                      ; project3                                        ;
; Top-level Entity Name              ; project3                                        ;
; Family                             ; Cyclone II                                      ;
; Total logic elements               ; 276                                             ;
;     Total combinational functions  ; 256                                             ;
;     Dedicated logic registers      ; 52                                              ;
; Total registers                    ; 52                                              ;
; Total pins                         ; 54                                              ;
; Total virtual pins                 ; 0                                               ;
; Total memory bits                  ; 0                                               ;
; Embedded Multiplier 9-bit elements ; 0                                               ;
; Total PLLs                         ; 0                                               ;
+------------------------------------+-------------------------------------------------+


+----------------------------------------------------------------------------------------------------------------------+
; Analysis & Synthesis Settings                                                                                        ;
+----------------------------------------------------------------------------+--------------------+--------------------+
; Option                                                                     ; Setting            ; Default Value      ;
+----------------------------------------------------------------------------+--------------------+--------------------+
; Device                                                                     ; EP2C35F672C6       ;                    ;
; Top-level entity name                                                      ; project3           ; project3           ;
; Family name                                                                ; Cyclone II         ; Cyclone IV GX      ;
; Use smart compilation                                                      ; Off                ; Off                ;
; Enable parallel Assembler and TimeQuest Timing Analyzer during compilation ; On                 ; On                 ;
; Enable compact report table                                                ; Off                ; Off                ;
; Restructure Multiplexers                                                   ; Auto               ; Auto               ;
; Create Debugging Nodes for IP Cores                                        ; Off                ; Off                ;
; Preserve fewer node names                                                  ; On                 ; On                 ;
; Disable OpenCore Plus hardware evaluation                                  ; Off                ; Off                ;
; Verilog Version                                                            ; Verilog_2001       ; Verilog_2001       ;
; VHDL Version                                                               ; VHDL_1993          ; VHDL_1993          ;
; State Machine Processing                                                   ; Auto               ; Auto               ;
; Safe State Machine                                                         ; Off                ; Off                ;
; Extract Verilog State Machines                                             ; On                 ; On                 ;
; Extract VHDL State Machines                                                ; On                 ; On                 ;
; Ignore Verilog initial constructs                                          ; Off                ; Off                ;
; Iteration limit for constant Verilog loops                                 ; 5000               ; 5000               ;
; Iteration limit for non-constant Verilog loops                             ; 250                ; 250                ;
; Add Pass-Through Logic to Inferred RAMs                                    ; On                 ; On                 ;
; Infer RAMs from Raw Logic                                                  ; On                 ; On                 ;
; Parallel Synthesis                                                         ; On                 ; On                 ;
; DSP Block Balancing                                                        ; Auto               ; Auto               ;
; NOT Gate Push-Back                                                         ; On                 ; On                 ;
; Power-Up Don't Care                                                        ; On                 ; On                 ;
; Remove Redundant Logic Cells                                               ; Off                ; Off                ;
; Remove Duplicate Registers                                                 ; On                 ; On                 ;
; Ignore CARRY Buffers                                                       ; Off                ; Off                ;
; Ignore CASCADE Buffers                                                     ; Off                ; Off                ;
; Ignore GLOBAL Buffers                                                      ; Off                ; Off                ;
; Ignore ROW GLOBAL Buffers                                                  ; Off                ; Off                ;
; Ignore LCELL Buffers                                                       ; Off                ; Off                ;
; Ignore SOFT Buffers                                                        ; On                 ; On                 ;
; Limit AHDL Integers to 32 Bits                                             ; Off                ; Off                ;
; Optimization Technique                                                     ; Balanced           ; Balanced           ;
; Carry Chain Length                                                         ; 70                 ; 70                 ;
; Auto Carry Chains                                                          ; On                 ; On                 ;
; Auto Open-Drain Pins                                                       ; On                 ; On                 ;
; Perform WYSIWYG Primitive Resynthesis                                      ; Off                ; Off                ;
; Auto ROM Replacement                                                       ; On                 ; On                 ;
; Auto RAM Replacement                                                       ; On                 ; On                 ;
; Auto Shift Register Replacement                                            ; Auto               ; Auto               ;
; Allow Shift Register Merging across Hierarchies                            ; Auto               ; Auto               ;
; Auto Clock Enable Replacement                                              ; On                 ; On                 ;
; Strict RAM Replacement                                                     ; Off                ; Off                ;
; Allow Synchronous Control Signals                                          ; On                 ; On                 ;
; Force Use of Synchronous Clear Signals                                     ; Off                ; Off                ;
; Auto RAM to Logic Cell Conversion                                          ; Off                ; Off                ;
; Auto Resource Sharing                                                      ; Off                ; Off                ;
; Allow Any RAM Size For Recognition                                         ; Off                ; Off                ;
; Allow Any ROM Size For Recognition                                         ; Off                ; Off                ;
; Allow Any Shift Register Size For Recognition                              ; Off                ; Off                ;
; Use LogicLock Constraints during Resource Balancing                        ; On                 ; On                 ;
; Ignore translate_off and synthesis_off directives                          ; Off                ; Off                ;
; Timing-Driven Synthesis                                                    ; Off                ; Off                ;
; Report Parameter Settings                                                  ; On                 ; On                 ;
; Report Source Assignments                                                  ; On                 ; On                 ;
; Report Connectivity Checks                                                 ; On                 ; On                 ;
; Ignore Maximum Fan-Out Assignments                                         ; Off                ; Off                ;
; Synchronization Register Chain Length                                      ; 2                  ; 2                  ;
; PowerPlay Power Optimization                                               ; Normal compilation ; Normal compilation ;
; HDL message level                                                          ; Level2             ; Level2             ;
; Suppress Register Optimization Related Messages                            ; Off                ; Off                ;
; Number of Removed Registers Reported in Synthesis Report                   ; 5000               ; 5000               ;
; Number of Swept Nodes Reported in Synthesis Report                         ; 5000               ; 5000               ;
; Number of Inverted Registers Reported in Synthesis Report                  ; 100                ; 100                ;
; Clock MUX Protection                                                       ; On                 ; On                 ;
; Auto Gated Clock Conversion                                                ; Off                ; Off                ;
; Block Design Naming                                                        ; Auto               ; Auto               ;
; SDC constraint protection                                                  ; Off                ; Off                ;
; Synthesis Effort                                                           ; Auto               ; Auto               ;
; Shift Register Replacement - Allow Asynchronous Clear Signal               ; On                 ; On                 ;
; Pre-Mapping Resynthesis Optimization                                       ; Off                ; Off                ;
; Analysis & Synthesis Message Level                                         ; Medium             ; Medium             ;
; Disable Register Merging Across Hierarchies                                ; Auto               ; Auto               ;
; Resource Aware Inference For Block RAM                                     ; On                 ; On                 ;
; Synthesis Seed                                                             ; 1                  ; 1                  ;
+----------------------------------------------------------------------------+--------------------+--------------------+


Parallel compilation was disabled, but you have multiple processors available. Enable parallel compilation to reduce compilation time.
+-------------------------------------+
; Parallel Compilation                ;
+----------------------------+--------+
; Processors                 ; Number ;
+----------------------------+--------+
; Number detected on machine ; 2      ;
; Maximum allowed            ; 1      ;
+----------------------------+--------+


+---------------------------------------------------------------------------------------------------------------------------------------------------------------------+
; Analysis & Synthesis Source Files Read                                                                                                                              ;
+----------------------------------+-----------------+------------------------------+-----------------------------------------------------------------------+---------+
; File Name with User-Entered Path ; Used in Netlist ; File Type                    ; File Name with Absolute Path                                          ; Library ;
+----------------------------------+-----------------+------------------------------+-----------------------------------------------------------------------+---------+
; project3.vhd                     ; yes             ; User VHDL File               ; C:/Users/aluno/Desktop/project3/project3.vhd                          ;         ;
; divider.vhd                      ; yes             ; User VHDL File               ; C:/Users/aluno/Desktop/project3/divider.vhd                           ;         ;
; ALU.vhd                          ; yes             ; User VHDL File               ; C:/Users/aluno/Desktop/project3/ALU.vhd                               ;         ;
; BCD27.vhd                        ; yes             ; User VHDL File               ; C:/Users/aluno/Desktop/project3/BCD27.vhd                             ;         ;
; ClockDiv.vhd                     ; yes             ; User VHDL File               ; C:/Users/aluno/Desktop/project3/ClockDiv.vhd                          ;         ;
; lpm_divide.tdf                   ; yes             ; Megafunction                 ; c:/altera/13.0sp1/quartus/libraries/megafunctions/lpm_divide.tdf      ;         ;
; abs_divider.inc                  ; yes             ; Megafunction                 ; c:/altera/13.0sp1/quartus/libraries/megafunctions/abs_divider.inc     ;         ;
; sign_div_unsign.inc              ; yes             ; Megafunction                 ; c:/altera/13.0sp1/quartus/libraries/megafunctions/sign_div_unsign.inc ;         ;
; aglobal130.inc                   ; yes             ; Megafunction                 ; c:/altera/13.0sp1/quartus/libraries/megafunctions/aglobal130.inc      ;         ;
; db/lpm_divide_25m.tdf            ; yes             ; Auto-Generated Megafunction  ; C:/Users/aluno/Desktop/project3/db/lpm_divide_25m.tdf                 ;         ;
; db/sign_div_unsign_9kh.tdf       ; yes             ; Auto-Generated Megafunction  ; C:/Users/aluno/Desktop/project3/db/sign_div_unsign_9kh.tdf            ;         ;
; db/alt_u_div_kve.tdf             ; yes             ; Auto-Generated Megafunction  ; C:/Users/aluno/Desktop/project3/db/alt_u_div_kve.tdf                  ;         ;
; db/add_sub_lkc.tdf               ; yes             ; Auto-Generated Megafunction  ; C:/Users/aluno/Desktop/project3/db/add_sub_lkc.tdf                    ;         ;
; db/add_sub_mkc.tdf               ; yes             ; Auto-Generated Megafunction  ; C:/Users/aluno/Desktop/project3/db/add_sub_mkc.tdf                    ;         ;
; db/lpm_divide_ucm.tdf            ; yes             ; Auto-Generated Megafunction  ; C:/Users/aluno/Desktop/project3/db/lpm_divide_ucm.tdf                 ;         ;
; db/sign_div_unsign_8kh.tdf       ; yes             ; Auto-Generated Megafunction  ; C:/Users/aluno/Desktop/project3/db/sign_div_unsign_8kh.tdf            ;         ;
; db/alt_u_div_ive.tdf             ; yes             ; Auto-Generated Megafunction  ; C:/Users/aluno/Desktop/project3/db/alt_u_div_ive.tdf                  ;         ;
+----------------------------------+-----------------+------------------------------+-----------------------------------------------------------------------+---------+


+---------------------------------------------------------------------+
; Analysis & Synthesis Resource Usage Summary                         ;
+---------------------------------------------+-----------------------+
; Resource                                    ; Usage                 ;
+---------------------------------------------+-----------------------+
; Estimated Total logic elements              ; 276                   ;
;                                             ;                       ;
; Total combinational functions               ; 256                   ;
; Logic element usage by number of LUT inputs ;                       ;
;     -- 4 input functions                    ; 80                    ;
;     -- 3 input functions                    ; 96                    ;
;     -- <=2 input functions                  ; 80                    ;
;                                             ;                       ;
; Logic elements by mode                      ;                       ;
;     -- normal mode                          ; 195                   ;
;     -- arithmetic mode                      ; 61                    ;
;                                             ;                       ;
; Total registers                             ; 52                    ;
;     -- Dedicated logic registers            ; 52                    ;
;     -- I/O registers                        ; 0                     ;
;                                             ;                       ;
; I/O pins                                    ; 54                    ;
; Embedded Multiplier 9-bit elements          ; 0                     ;
; Maximum fan-out node                        ; ClockDiv:clock|Equal0 ;
; Maximum fan-out                             ; 53                    ;
; Total fan-out                               ; 952                   ;
; Average fan-out                             ; 2.63                  ;
+---------------------------------------------+-----------------------+


+--------------------------------------------------------------------------------------------------------------------------------------------------------------------------------------------------------------------------------------------------------------------------------------------------+
; Analysis & Synthesis Resource Utilization by Entity                                                                                                                                                                                                                                              ;
+-------------------------------------------+-------------------+--------------+-------------+--------------+---------+-----------+------+--------------+---------------------------------------------------------------------------------------------------------------------------+--------------+
; Compilation Hierarchy Node                ; LC Combinationals ; LC Registers ; Memory Bits ; DSP Elements ; DSP 9x9 ; DSP 18x18 ; Pins ; Virtual Pins ; Full Hierarchy Name                                                                                                       ; Library Name ;
+-------------------------------------------+-------------------+--------------+-------------+--------------+---------+-----------+------+--------------+---------------------------------------------------------------------------------------------------------------------------+--------------+
; |project3                                 ; 256 (10)          ; 52 (26)      ; 0           ; 0            ; 0       ; 0         ; 54   ; 0            ; |project3                                                                                                                 ; work         ;
;    |ALU:procALU|                          ; 90 (90)           ; 0 (0)        ; 0           ; 0            ; 0       ; 0         ; 0    ; 0            ; |project3|ALU:procALU                                                                                                     ; work         ;
;    |BCD27:p_disp0|                        ; 7 (7)             ; 0 (0)        ; 0           ; 0            ; 0       ; 0         ; 0    ; 0            ; |project3|BCD27:p_disp0                                                                                                   ; work         ;
;    |BCD27:p_disp1|                        ; 6 (6)             ; 0 (0)        ; 0           ; 0            ; 0       ; 0         ; 0    ; 0            ; |project3|BCD27:p_disp1                                                                                                   ; work         ;
;    |BCD27:p_disp2|                        ; 4 (4)             ; 0 (0)        ; 0           ; 0            ; 0       ; 0         ; 0    ; 0            ; |project3|BCD27:p_disp2                                                                                                   ; work         ;
;    |BCD27:p_disp3|                        ; 1 (1)             ; 0 (0)        ; 0           ; 0            ; 0       ; 0         ; 0    ; 0            ; |project3|BCD27:p_disp3                                                                                                   ; work         ;
;    |BCD27:p_disp4|                        ; 7 (7)             ; 0 (0)        ; 0           ; 0            ; 0       ; 0         ; 0    ; 0            ; |project3|BCD27:p_disp4                                                                                                   ; work         ;
;    |ClockDiv:clock|                       ; 35 (35)           ; 26 (26)      ; 0           ; 0            ; 0       ; 0         ; 0    ; 0            ; |project3|ClockDiv:clock                                                                                                  ; work         ;
;    |divider:display|                      ; 96 (62)           ; 0 (0)        ; 0           ; 0            ; 0       ; 0         ; 0    ; 0            ; |project3|divider:display                                                                                                 ; work         ;
;       |lpm_divide:Div0|                   ; 17 (0)            ; 0 (0)        ; 0           ; 0            ; 0       ; 0         ; 0    ; 0            ; |project3|divider:display|lpm_divide:Div0                                                                                 ; work         ;
;          |lpm_divide_ucm:auto_generated|  ; 17 (0)            ; 0 (0)        ; 0           ; 0            ; 0       ; 0         ; 0    ; 0            ; |project3|divider:display|lpm_divide:Div0|lpm_divide_ucm:auto_generated                                                   ; work         ;
;             |sign_div_unsign_8kh:divider| ; 17 (0)            ; 0 (0)        ; 0           ; 0            ; 0       ; 0         ; 0    ; 0            ; |project3|divider:display|lpm_divide:Div0|lpm_divide_ucm:auto_generated|sign_div_unsign_8kh:divider                       ; work         ;
;                |alt_u_div_ive:divider|    ; 17 (17)           ; 0 (0)        ; 0           ; 0            ; 0       ; 0         ; 0    ; 0            ; |project3|divider:display|lpm_divide:Div0|lpm_divide_ucm:auto_generated|sign_div_unsign_8kh:divider|alt_u_div_ive:divider ; work         ;
;       |lpm_divide:Mod0|                   ; 17 (0)            ; 0 (0)        ; 0           ; 0            ; 0       ; 0         ; 0    ; 0            ; |project3|divider:display|lpm_divide:Mod0                                                                                 ; work         ;
;          |lpm_divide_25m:auto_generated|  ; 17 (0)            ; 0 (0)        ; 0           ; 0            ; 0       ; 0         ; 0    ; 0            ; |project3|divider:display|lpm_divide:Mod0|lpm_divide_25m:auto_generated                                                   ; work         ;
;             |sign_div_unsign_9kh:divider| ; 17 (0)            ; 0 (0)        ; 0           ; 0            ; 0       ; 0         ; 0    ; 0            ; |project3|divider:display|lpm_divide:Mod0|lpm_divide_25m:auto_generated|sign_div_unsign_9kh:divider                       ; work         ;
;                |alt_u_div_kve:divider|    ; 17 (17)           ; 0 (0)        ; 0           ; 0            ; 0       ; 0         ; 0    ; 0            ; |project3|divider:display|lpm_divide:Mod0|lpm_divide_25m:auto_generated|sign_div_unsign_9kh:divider|alt_u_div_kve:divider ; work         ;
+-------------------------------------------+-------------------+--------------+-------------+--------------+---------+-----------+------+--------------+---------------------------------------------------------------------------------------------------------------------------+--------------+
Note: For table entries with two numbers listed, the numbers in parentheses indicate the number of resources of the given type used by the specific entity alone. The numbers listed outside of parentheses indicate the total resources of the given type used by the specific entity and all of its sub-entities in the hierarchy.


Encoding Type:  One-Hot
+-------------------------------------------------------------------------------------------+
; State Machine - |project3|next_s                                                          ;
+---------------+-------------+---------------+---------------+---------------+-------------+
; Name          ; next_s.unit ; next_s.wait_o ; next_s.wait_b ; next_s.wait_a ; next_s.init ;
+---------------+-------------+---------------+---------------+---------------+-------------+
; next_s.init   ; 0           ; 0             ; 0             ; 0             ; 0           ;
; next_s.wait_a ; 0           ; 0             ; 0             ; 1             ; 1           ;
; next_s.wait_b ; 0           ; 0             ; 1             ; 0             ; 1           ;
; next_s.wait_o ; 0           ; 1             ; 0             ; 0             ; 1           ;
; next_s.unit   ; 1           ; 0             ; 0             ; 0             ; 1           ;
+---------------+-------------+---------------+---------------+---------------+-------------+


Encoding Type:  One-Hot
+-------------------------------------------------------------------------------------------------------+
; State Machine - |project3|actual_s                                                                    ;
+-----------------+---------------+-----------------+-----------------+-----------------+---------------+
; Name            ; actual_s.unit ; actual_s.wait_o ; actual_s.wait_b ; actual_s.wait_a ; actual_s.init ;
+-----------------+---------------+-----------------+-----------------+-----------------+---------------+
; actual_s.init   ; 0             ; 0               ; 0               ; 0               ; 0             ;
; actual_s.wait_a ; 0             ; 0               ; 0               ; 1               ; 1             ;
; actual_s.wait_b ; 0             ; 0               ; 1               ; 0               ; 1             ;
; actual_s.wait_o ; 0             ; 1               ; 0               ; 0               ; 1             ;
; actual_s.unit   ; 1             ; 0               ; 0               ; 0               ; 1             ;
+-----------------+---------------+-----------------+-----------------+-----------------+---------------+


+-----------------------------------------------------------------------------------------------------------+
; User-Specified and Inferred Latches                                                                       ;
+-----------------------------------------------------+----------------------------+------------------------+
; Latch Name                                          ; Latch Enable Signal        ; Free of Timing Hazards ;
+-----------------------------------------------------+----------------------------+------------------------+
; ALU:procALU|temp_b[0]                               ; ALU:procALU|Equal0         ; yes                    ;
; ALU:procALU|temp_a[0]                               ; ALU:procALU|Equal0         ; yes                    ;
; ALU:procALU|temp_b[1]                               ; ALU:procALU|Equal0         ; yes                    ;
; ALU:procALU|temp_a[1]                               ; ALU:procALU|Equal0         ; yes                    ;
; ALU:procALU|temp_b[2]                               ; ALU:procALU|Equal0         ; yes                    ;
; ALU:procALU|temp_a[2]                               ; ALU:procALU|Equal0         ; yes                    ;
; ALU:procALU|temp_b[3]                               ; ALU:procALU|Equal0         ; yes                    ;
; ALU:procALU|temp_a[3]                               ; ALU:procALU|Equal0         ; yes                    ;
; ALU:procALU|temp_b[4]                               ; ALU:procALU|Equal0         ; yes                    ;
; ALU:procALU|temp_a[4]                               ; ALU:procALU|Equal0         ; yes                    ;
; ALU:procALU|temp_b[5]                               ; ALU:procALU|Equal0         ; yes                    ;
; ALU:procALU|temp_a[5]                               ; ALU:procALU|Equal0         ; yes                    ;
; ALU:procALU|temp_s[0]                               ; ALU:procALU|temp_s[0]      ; yes                    ;
; ALU:procALU|temp_s[1]                               ; ALU:procALU|temp_s[0]      ; yes                    ;
; ALU:procALU|temp_s[2]                               ; ALU:procALU|temp_s[0]      ; yes                    ;
; ALU:procALU|temp_s[3]                               ; ALU:procALU|temp_s[0]      ; yes                    ;
; ALU:procALU|temp_s[4]                               ; ALU:procALU|temp_s[0]      ; yes                    ;
; ALU:procALU|csig                                    ; ALU:procALU|Mux1           ; yes                    ;
; divider:display|temp_s[0]                           ; divider:display|Selector22 ; yes                    ;
; divider:display|optt[0]                             ; divider:display|WideOr3    ; yes                    ;
; divider:display|optt[1]                             ; divider:display|WideOr3    ; yes                    ;
; divider:display|temp_s[1]                           ; divider:display|Selector22 ; yes                    ;
; divider:display|optt[2]                             ; divider:display|WideOr3    ; yes                    ;
; divider:display|temp_s[2]                           ; divider:display|Selector22 ; yes                    ;
; divider:display|optt[3]                             ; divider:display|WideOr3    ; yes                    ;
; divider:display|temp_s[3]                           ; divider:display|Selector22 ; yes                    ;
; divider:display|temp_s[4]                           ; divider:display|Selector22 ; yes                    ;
; ALU:procALU|vtb[0]                                  ; ALU:procALU|Equal0         ; yes                    ;
; ALU:procALU|vta[0]                                  ; ALU:procALU|Equal0         ; yes                    ;
; ALU:procALU|vtb[1]                                  ; ALU:procALU|Equal0         ; yes                    ;
; ALU:procALU|vta[1]                                  ; ALU:procALU|Equal0         ; yes                    ;
; ALU:procALU|vtb[2]                                  ; ALU:procALU|Equal0         ; yes                    ;
; ALU:procALU|vta[2]                                  ; ALU:procALU|Equal0         ; yes                    ;
; ALU:procALU|vtb[3]                                  ; ALU:procALU|Equal0         ; yes                    ;
; ALU:procALU|vta[3]                                  ; ALU:procALU|Equal0         ; yes                    ;
; ALU:procALU|temp_s[5]                               ; ALU:procALU|temp_s[0]      ; yes                    ;
; divider:display|vta[0]                              ; divider:display|dis_2      ; yes                    ;
; divider:display|opt[0]                              ; divider:display|opt        ; yes                    ;
; divider:display|opt[1]                              ; divider:display|opt        ; yes                    ;
; divider:display|vta[1]                              ; divider:display|dis_2      ; yes                    ;
; divider:display|opt[2]                              ; divider:display|opt        ; yes                    ;
; divider:display|vta[2]                              ; divider:display|dis_2      ; yes                    ;
; divider:display|vta[3]                              ; divider:display|dis_2      ; yes                    ;
; Number of user-specified and inferred latches = 43  ;                            ;                        ;
+-----------------------------------------------------+----------------------------+------------------------+
Note: All latches listed above may not be present at the end of synthesis due to various synthesis optimizations.


+---------------------------------------------------------------------------------+
; Registers Removed During Synthesis                                              ;
+----------------------------------------+----------------------------------------+
; Register name                          ; Reason for Removal                     ;
+----------------------------------------+----------------------------------------+
; show[3..31]                            ; Stuck at GND due to stuck port data_in ;
; Total Number of Removed Registers = 29 ;                                        ;
+----------------------------------------+----------------------------------------+


+------------------------------------------------------+
; General Register Statistics                          ;
+----------------------------------------------+-------+
; Statistic                                    ; Value ;
+----------------------------------------------+-------+
; Total registers                              ; 52    ;
; Number of registers using Synchronous Clear  ; 0     ;
; Number of registers using Synchronous Load   ; 0     ;
; Number of registers using Asynchronous Clear ; 34    ;
; Number of registers using Asynchronous Load  ; 0     ;
; Number of registers using Clock Enable       ; 18    ;
; Number of registers using Preset             ; 0     ;
+----------------------------------------------+-------+


+--------------------------------------------------+
; Inverted Register Statistics                     ;
+----------------------------------------+---------+
; Inverted Register                      ; Fan out ;
+----------------------------------------+---------+
; show[2]                                ; 28      ;
; show[0]                                ; 16      ;
; Total number of inverted registers = 2 ;         ;
+----------------------------------------+---------+


+----------------------------------------------------------------------------------------------------------------------------------------------------+
; Multiplexer Restructuring Statistics (Restructuring Performed)                                                                                     ;
+--------------------+-----------+---------------+----------------------+------------------------+------------+--------------------------------------+
; Multiplexer Inputs ; Bus Width ; Baseline Area ; Area if Restructured ; Saving if Restructured ; Registered ; Example Multiplexer Output           ;
+--------------------+-----------+---------------+----------------------+------------------------+------------+--------------------------------------+
; 3:1                ; 4 bits    ; 8 LEs         ; 8 LEs                ; 0 LEs                  ; No         ; |project3|divider:display|Selector21 ;
; 3:1                ; 2 bits    ; 4 LEs         ; 4 LEs                ; 0 LEs                  ; No         ; |project3|next_s.wait_b              ;
; 9:1                ; 2 bits    ; 12 LEs        ; 10 LEs               ; 2 LEs                  ; No         ; |project3|ALU:procALU|s[3]           ;
; 9:1                ; 2 bits    ; 12 LEs        ; 4 LEs                ; 8 LEs                  ; No         ; |project3|divider:display|Selector9  ;
; 9:1                ; 3 bits    ; 18 LEs        ; 6 LEs                ; 12 LEs                 ; No         ; |project3|divider:display|Selector14 ;
; 10:1               ; 2 bits    ; 12 LEs        ; 10 LEs               ; 2 LEs                  ; No         ; |project3|ALU:procALU|s[0]           ;
+--------------------+-----------+---------------+----------------------+------------------------+------------+--------------------------------------+


+----------------------------------------------------------------------------------+
; Parameter Settings for Inferred Entity Instance: divider:display|lpm_divide:Mod0 ;
+------------------------+----------------+----------------------------------------+
; Parameter Name         ; Value          ; Type                                   ;
+------------------------+----------------+----------------------------------------+
; LPM_WIDTHN             ; 5              ; Untyped                                ;
; LPM_WIDTHD             ; 5              ; Untyped                                ;
; LPM_NREPRESENTATION    ; UNSIGNED       ; Untyped                                ;
; LPM_DREPRESENTATION    ; UNSIGNED       ; Untyped                                ;
; LPM_PIPELINE           ; 0              ; Untyped                                ;
; LPM_REMAINDERPOSITIVE  ; TRUE           ; Untyped                                ;
; MAXIMIZE_SPEED         ; 5              ; Untyped                                ;
; CBXI_PARAMETER         ; lpm_divide_25m ; Untyped                                ;
; CARRY_CHAIN            ; MANUAL         ; Untyped                                ;
; OPTIMIZE_FOR_SPEED     ; 5              ; Untyped                                ;
; AUTO_CARRY_CHAINS      ; ON             ; AUTO_CARRY                             ;
; IGNORE_CARRY_BUFFERS   ; OFF            ; IGNORE_CARRY                           ;
; AUTO_CASCADE_CHAINS    ; ON             ; AUTO_CASCADE                           ;
; IGNORE_CASCADE_BUFFERS ; OFF            ; IGNORE_CASCADE                         ;
+------------------------+----------------+----------------------------------------+
Note: In order to hide this table in the UI and the text report file, please set the "Show Parameter Settings in Synthesis Report" option in "Analysis and Synthesis Settings -> More Settings" to "Off".


+----------------------------------------------------------------------------------+
; Parameter Settings for Inferred Entity Instance: divider:display|lpm_divide:Div0 ;
+------------------------+----------------+----------------------------------------+
; Parameter Name         ; Value          ; Type                                   ;
+------------------------+----------------+----------------------------------------+
; LPM_WIDTHN             ; 5              ; Untyped                                ;
; LPM_WIDTHD             ; 4              ; Untyped                                ;
; LPM_NREPRESENTATION    ; UNSIGNED       ; Untyped                                ;
; LPM_DREPRESENTATION    ; UNSIGNED       ; Untyped                                ;
; LPM_PIPELINE           ; 0              ; Untyped                                ;
; LPM_REMAINDERPOSITIVE  ; TRUE           ; Untyped                                ;
; MAXIMIZE_SPEED         ; 5              ; Untyped                                ;
; CBXI_PARAMETER         ; lpm_divide_ucm ; Untyped                                ;
; CARRY_CHAIN            ; MANUAL         ; Untyped                                ;
; OPTIMIZE_FOR_SPEED     ; 5              ; Untyped                                ;
; AUTO_CARRY_CHAINS      ; ON             ; AUTO_CARRY                             ;
; IGNORE_CARRY_BUFFERS   ; OFF            ; IGNORE_CARRY                           ;
; AUTO_CASCADE_CHAINS    ; ON             ; AUTO_CASCADE                           ;
; IGNORE_CASCADE_BUFFERS ; OFF            ; IGNORE_CASCADE                         ;
+------------------------+----------------+----------------------------------------+
Note: In order to hide this table in the UI and the text report file, please set the "Show Parameter Settings in Synthesis Report" option in "Analysis and Synthesis Settings -> More Settings" to "Off".


+-------------------------------+
; Elapsed Time Per Partition    ;
+----------------+--------------+
; Partition Name ; Elapsed Time ;
+----------------+--------------+
; Top            ; 00:00:01     ;
+----------------+--------------+


+-------------------------------+
; Analysis & Synthesis Messages ;
+-------------------------------+
Info: *******************************************************************
Info: Running Quartus II 32-bit Analysis & Synthesis
    Info: Version 13.0.1 Build 232 06/12/2013 Service Pack 1 SJ Web Edition
    Info: Processing started: Sun Jun 09 11:52:01 2019
Info: Command: quartus_map --read_settings_files=on --write_settings_files=off project3 -c project3
Warning (20028): Parallel compilation is not licensed and has been disabled
Info (12021): Found 2 design units, including 1 entities, in source file project3.vhd
    Info (12022): Found design unit 1: project3-proc
    Info (12023): Found entity 1: project3
Info (12021): Found 2 design units, including 1 entities, in source file divider.vhd
    Info (12022): Found design unit 1: divider-conv
    Info (12023): Found entity 1: divider
Info (12021): Found 2 design units, including 1 entities, in source file alu.vhd
    Info (12022): Found design unit 1: ALU-proc
    Info (12023): Found entity 1: ALU
Info (12021): Found 2 design units, including 1 entities, in source file bcd27.vhd
    Info (12022): Found design unit 1: BCD27-conv
    Info (12023): Found entity 1: BCD27
Info (12021): Found 2 design units, including 1 entities, in source file clockdiv.vhd
    Info (12022): Found design unit 1: ClockDiv-clk1Hz
    Info (12023): Found entity 1: ClockDiv
Info (12127): Elaborating entity "project3" for the top level hierarchy
Info (12128): Elaborating entity "ClockDiv" for hierarchy "ClockDiv:clock"
Warning (10492): VHDL Process Statement warning at ClockDiv.vhd(25): signal "count" is read inside the Process Statement but isn't in the Process Statement's sensitivity list
Info (12128): Elaborating entity "ALU" for hierarchy "ALU:procALU"
Warning (10492): VHDL Process Statement warning at ALU.vhd(27): signal "a" is read inside the Process Statement but isn't in the Process Statement's sensitivity list
Warning (10492): VHDL Process Statement warning at ALU.vhd(28): signal "b" is read inside the Process Statement but isn't in the Process Statement's sensitivity list
Warning (10492): VHDL Process Statement warning at ALU.vhd(30): signal "a" is read inside the Process Statement but isn't in the Process Statement's sensitivity list
Warning (10492): VHDL Process Statement warning at ALU.vhd(31): signal "vta" is read inside the Process Statement but isn't in the Process Statement's sensitivity list
Warning (10492): VHDL Process Statement warning at ALU.vhd(33): signal "vta" is read inside the Process Statement but isn't in the Process Statement's sensitivity list
Warning (10492): VHDL Process Statement warning at ALU.vhd(36): signal "b" is read inside the Process Statement but isn't in the Process Statement's sensitivity list
Warning (10492): VHDL Process Statement warning at ALU.vhd(37): signal "vtb" is read inside the Process Statement but isn't in the Process Statement's sensitivity list
Warning (10492): VHDL Process Statement warning at ALU.vhd(39): signal "vtb" is read inside the Process Statement but isn't in the Process Statement's sensitivity list
Warning (10492): VHDL Process Statement warning at ALU.vhd(42): signal "a" is read inside the Process Statement but isn't in the Process Statement's sensitivity list
Warning (10492): VHDL Process Statement warning at ALU.vhd(43): signal "b" is read inside the Process Statement but isn't in the Process Statement's sensitivity list
Warning (10492): VHDL Process Statement warning at ALU.vhd(45): signal "o" is read inside the Process Statement but isn't in the Process Statement's sensitivity list
Warning (10492): VHDL Process Statement warning at ALU.vhd(47): signal "temp_a" is read inside the Process Statement but isn't in the Process Statement's sensitivity list
Warning (10492): VHDL Process Statement warning at ALU.vhd(47): signal "temp_b" is read inside the Process Statement but isn't in the Process Statement's sensitivity list
Warning (10492): VHDL Process Statement warning at ALU.vhd(48): signal "temp_s" is read inside the Process Statement but isn't in the Process Statement's sensitivity list
Warning (10492): VHDL Process Statement warning at ALU.vhd(49): signal "temp_s" is read inside the Process Statement but isn't in the Process Statement's sensitivity list
Warning (10492): VHDL Process Statement warning at ALU.vhd(51): signal "temp_a" is read inside the Process Statement but isn't in the Process Statement's sensitivity list
Warning (10492): VHDL Process Statement warning at ALU.vhd(51): signal "temp_b" is read inside the Process Statement but isn't in the Process Statement's sensitivity list
Warning (10492): VHDL Process Statement warning at ALU.vhd(52): signal "temp_s" is read inside the Process Statement but isn't in the Process Statement's sensitivity list
Warning (10492): VHDL Process Statement warning at ALU.vhd(53): signal "temp_s" is read inside the Process Statement but isn't in the Process Statement's sensitivity list
Warning (10492): VHDL Process Statement warning at ALU.vhd(55): signal "temp_a" is read inside the Process Statement but isn't in the Process Statement's sensitivity list
Warning (10492): VHDL Process Statement warning at ALU.vhd(55): signal "temp_b" is read inside the Process Statement but isn't in the Process Statement's sensitivity list
Warning (10492): VHDL Process Statement warning at ALU.vhd(57): signal "temp_a" is read inside the Process Statement but isn't in the Process Statement's sensitivity list
Warning (10492): VHDL Process Statement warning at ALU.vhd(57): signal "temp_b" is read inside the Process Statement but isn't in the Process Statement's sensitivity list
Warning (10492): VHDL Process Statement warning at ALU.vhd(63): signal "a" is read inside the Process Statement but isn't in the Process Statement's sensitivity list
Warning (10492): VHDL Process Statement warning at ALU.vhd(63): signal "b" is read inside the Process Statement but isn't in the Process Statement's sensitivity list
Warning (10492): VHDL Process Statement warning at ALU.vhd(65): signal "a" is read inside the Process Statement but isn't in the Process Statement's sensitivity list
Warning (10492): VHDL Process Statement warning at ALU.vhd(65): signal "b" is read inside the Process Statement but isn't in the Process Statement's sensitivity list
Warning (10492): VHDL Process Statement warning at ALU.vhd(67): signal "a" is read inside the Process Statement but isn't in the Process Statement's sensitivity list
Warning (10492): VHDL Process Statement warning at ALU.vhd(69): signal "a" is read inside the Process Statement but isn't in the Process Statement's sensitivity list
Warning (10492): VHDL Process Statement warning at ALU.vhd(69): signal "b" is read inside the Process Statement but isn't in the Process Statement's sensitivity list
Warning (10492): VHDL Process Statement warning at ALU.vhd(71): signal "a" is read inside the Process Statement but isn't in the Process Statement's sensitivity list
Warning (10492): VHDL Process Statement warning at ALU.vhd(71): signal "b" is read inside the Process Statement but isn't in the Process Statement's sensitivity list
Warning (10631): VHDL Process Statement warning at ALU.vhd(24): inferring latch(es) for signal or variable "vta", which holds its previous value in one or more paths through the process
Warning (10631): VHDL Process Statement warning at ALU.vhd(24): inferring latch(es) for signal or variable "vtb", which holds its previous value in one or more paths through the process
Warning (10631): VHDL Process Statement warning at ALU.vhd(24): inferring latch(es) for signal or variable "temp_a", which holds its previous value in one or more paths through the process
Warning (10631): VHDL Process Statement warning at ALU.vhd(24): inferring latch(es) for signal or variable "temp_b", which holds its previous value in one or more paths through the process
Warning (10631): VHDL Process Statement warning at ALU.vhd(24): inferring latch(es) for signal or variable "temp_s", which holds its previous value in one or more paths through the process
Warning (10631): VHDL Process Statement warning at ALU.vhd(24): inferring latch(es) for signal or variable "csig", which holds its previous value in one or more paths through the process
Info (10041): Inferred latch for "csig" at ALU.vhd(24)
Info (10041): Inferred latch for "temp_s[0]" at ALU.vhd(24)
Info (10041): Inferred latch for "temp_s[1]" at ALU.vhd(24)
Info (10041): Inferred latch for "temp_s[2]" at ALU.vhd(24)
Info (10041): Inferred latch for "temp_s[3]" at ALU.vhd(24)
Info (10041): Inferred latch for "temp_s[4]" at ALU.vhd(24)
Info (10041): Inferred latch for "temp_s[5]" at ALU.vhd(24)
Info (10041): Inferred latch for "temp_b[0]" at ALU.vhd(24)
Info (10041): Inferred latch for "temp_b[1]" at ALU.vhd(24)
Info (10041): Inferred latch for "temp_b[2]" at ALU.vhd(24)
Info (10041): Inferred latch for "temp_b[3]" at ALU.vhd(24)
Info (10041): Inferred latch for "temp_b[4]" at ALU.vhd(24)
Info (10041): Inferred latch for "temp_b[5]" at ALU.vhd(24)
Info (10041): Inferred latch for "temp_a[0]" at ALU.vhd(24)
Info (10041): Inferred latch for "temp_a[1]" at ALU.vhd(24)
Info (10041): Inferred latch for "temp_a[2]" at ALU.vhd(24)
Info (10041): Inferred latch for "temp_a[3]" at ALU.vhd(24)
Info (10041): Inferred latch for "temp_a[4]" at ALU.vhd(24)
Info (10041): Inferred latch for "temp_a[5]" at ALU.vhd(24)
Info (10041): Inferred latch for "vtb[0]" at ALU.vhd(24)
Info (10041): Inferred latch for "vtb[1]" at ALU.vhd(24)
Info (10041): Inferred latch for "vtb[2]" at ALU.vhd(24)
Info (10041): Inferred latch for "vtb[3]" at ALU.vhd(24)
Info (10041): Inferred latch for "vta[0]" at ALU.vhd(24)
Info (10041): Inferred latch for "vta[1]" at ALU.vhd(24)
Info (10041): Inferred latch for "vta[2]" at ALU.vhd(24)
Info (10041): Inferred latch for "vta[3]" at ALU.vhd(24)
Info (12128): Elaborating entity "divider" for hierarchy "divider:display"
Warning (10492): VHDL Process Statement warning at divider.vhd(29): signal "a" is read inside the Process Statement but isn't in the Process Statement's sensitivity list
Warning (10492): VHDL Process Statement warning at divider.vhd(30): signal "vta" is read inside the Process Statement but isn't in the Process Statement's sensitivity list
Warning (10492): VHDL Process Statement warning at divider.vhd(31): signal "a" is read inside the Process Statement but isn't in the Process Statement's sensitivity list
Warning (10492): VHDL Process Statement warning at divider.vhd(36): signal "temp_s" is read inside the Process Statement but isn't in the Process Statement's sensitivity list
Warning (10492): VHDL Process Statement warning at divider.vhd(37): signal "temp_s" is read inside the Process Statement but isn't in the Process Statement's sensitivity list
Warning (10492): VHDL Process Statement warning at divider.vhd(43): signal "a" is read inside the Process Statement but isn't in the Process Statement's sensitivity list
Warning (10492): VHDL Process Statement warning at divider.vhd(44): signal "vta" is read inside the Process Statement but isn't in the Process Statement's sensitivity list
Warning (10492): VHDL Process Statement warning at divider.vhd(45): signal "a" is read inside the Process Statement but isn't in the Process Statement's sensitivity list
Warning (10492): VHDL Process Statement warning at divider.vhd(50): signal "temp_s" is read inside the Process Statement but isn't in the Process Statement's sensitivity list
Warning (10492): VHDL Process Statement warning at divider.vhd(51): signal "temp_s" is read inside the Process Statement but isn't in the Process Statement's sensitivity list
Warning (10492): VHDL Process Statement warning at divider.vhd(57): signal "op" is read inside the Process Statement but isn't in the Process Statement's sensitivity list
Warning (10492): VHDL Process Statement warning at divider.vhd(58): signal "opt" is read inside the Process Statement but isn't in the Process Statement's sensitivity list
Warning (10492): VHDL Process Statement warning at divider.vhd(59): signal "optt" is read inside the Process Statement but isn't in the Process Statement's sensitivity list
Warning (10492): VHDL Process Statement warning at divider.vhd(65): signal "op" is read inside the Process Statement but isn't in the Process Statement's sensitivity list
Warning (10492): VHDL Process Statement warning at divider.vhd(66): signal "opt" is read inside the Process Statement but isn't in the Process Statement's sensitivity list
Warning (10492): VHDL Process Statement warning at divider.vhd(67): signal "optt" is read inside the Process Statement but isn't in the Process Statement's sensitivity list
Warning (10492): VHDL Process Statement warning at divider.vhd(68): signal "op" is read inside the Process Statement but isn't in the Process Statement's sensitivity list
Warning (10492): VHDL Process Statement warning at divider.vhd(69): signal "csig" is read inside the Process Statement but isn't in the Process Statement's sensitivity list
Warning (10492): VHDL Process Statement warning at divider.vhd(71): signal "s" is read inside the Process Statement but isn't in the Process Statement's sensitivity list
Warning (10492): VHDL Process Statement warning at divider.vhd(74): signal "s" is read inside the Process Statement but isn't in the Process Statement's sensitivity list
Warning (10492): VHDL Process Statement warning at divider.vhd(76): signal "temp_s" is read inside the Process Statement but isn't in the Process Statement's sensitivity list
Warning (10492): VHDL Process Statement warning at divider.vhd(81): signal "temp_s" is read inside the Process Statement but isn't in the Process Statement's sensitivity list
Warning (10492): VHDL Process Statement warning at divider.vhd(82): signal "temp_s" is read inside the Process Statement but isn't in the Process Statement's sensitivity list
Warning (10492): VHDL Process Statement warning at divider.vhd(84): signal "s" is read inside the Process Statement but isn't in the Process Statement's sensitivity list
Warning (10492): VHDL Process Statement warning at divider.vhd(89): signal "s" is read inside the Process Statement but isn't in the Process Statement's sensitivity list
Warning (10492): VHDL Process Statement warning at divider.vhd(94): signal "s" is read inside the Process Statement but isn't in the Process Statement's sensitivity list
Warning (10492): VHDL Process Statement warning at divider.vhd(99): signal "s" is read inside the Process Statement but isn't in the Process Statement's sensitivity list
Warning (10631): VHDL Process Statement warning at divider.vhd(25): inferring latch(es) for signal or variable "vta", which holds its previous value in one or more paths through the process
Warning (10631): VHDL Process Statement warning at divider.vhd(25): inferring latch(es) for signal or variable "temp_s", which holds its previous value in one or more paths through the process
Warning (10631): VHDL Process Statement warning at divider.vhd(25): inferring latch(es) for signal or variable "opt", which holds its previous value in one or more paths through the process
Warning (10631): VHDL Process Statement warning at divider.vhd(25): inferring latch(es) for signal or variable "optt", which holds its previous value in one or more paths through the process
Info (10041): Inferred latch for "optt[0]" at divider.vhd(25)
Info (10041): Inferred latch for "optt[1]" at divider.vhd(25)
Info (10041): Inferred latch for "optt[2]" at divider.vhd(25)
Info (10041): Inferred latch for "optt[3]" at divider.vhd(25)
Info (10041): Inferred latch for "opt[0]" at divider.vhd(25)
Info (10041): Inferred latch for "opt[1]" at divider.vhd(25)
Info (10041): Inferred latch for "opt[2]" at divider.vhd(25)
Info (10041): Inferred latch for "temp_s[0]" at divider.vhd(25)
Info (10041): Inferred latch for "temp_s[1]" at divider.vhd(25)
Info (10041): Inferred latch for "temp_s[2]" at divider.vhd(25)
Info (10041): Inferred latch for "temp_s[3]" at divider.vhd(25)
Info (10041): Inferred latch for "temp_s[4]" at divider.vhd(25)
Info (10041): Inferred latch for "vta[0]" at divider.vhd(25)
Info (10041): Inferred latch for "vta[1]" at divider.vhd(25)
Info (10041): Inferred latch for "vta[2]" at divider.vhd(25)
Info (10041): Inferred latch for "vta[3]" at divider.vhd(25)
Info (12128): Elaborating entity "BCD27" for hierarchy "BCD27:p_disp4"
Info (278001): Inferred 2 megafunctions from design logic
    Info (278004): Inferred divider/modulo megafunction ("lpm_divide") from the following logic: "divider:display|Mod0"
    Info (278004): Inferred divider/modulo megafunction ("lpm_divide") from the following logic: "divider:display|Div0"
Info (12130): Elaborated megafunction instantiation "divider:display|lpm_divide:Mod0"
Info (12133): Instantiated megafunction "divider:display|lpm_divide:Mod0" with the following parameter:
    Info (12134): Parameter "LPM_WIDTHN" = "5"
    Info (12134): Parameter "LPM_WIDTHD" = "5"
    Info (12134): Parameter "LPM_NREPRESENTATION" = "UNSIGNED"
    Info (12134): Parameter "LPM_DREPRESENTATION" = "UNSIGNED"
Info (12021): Found 1 design units, including 1 entities, in source file db/lpm_divide_25m.tdf
    Info (12023): Found entity 1: lpm_divide_25m
Info (12021): Found 1 design units, including 1 entities, in source file db/sign_div_unsign_9kh.tdf
    Info (12023): Found entity 1: sign_div_unsign_9kh
Info (12021): Found 1 design units, including 1 entities, in source file db/alt_u_div_kve.tdf
    Info (12023): Found entity 1: alt_u_div_kve
Info (12021): Found 1 design units, including 1 entities, in source file db/add_sub_lkc.tdf
    Info (12023): Found entity 1: add_sub_lkc
Info (12021): Found 1 design units, including 1 entities, in source file db/add_sub_mkc.tdf
    Info (12023): Found entity 1: add_sub_mkc
Info (12130): Elaborated megafunction instantiation "divider:display|lpm_divide:Div0"
Info (12133): Instantiated megafunction "divider:display|lpm_divide:Div0" with the following parameter:
    Info (12134): Parameter "LPM_WIDTHN" = "5"
    Info (12134): Parameter "LPM_WIDTHD" = "4"
    Info (12134): Parameter "LPM_NREPRESENTATION" = "UNSIGNED"
    Info (12134): Parameter "LPM_DREPRESENTATION" = "UNSIGNED"
Info (12021): Found 1 design units, including 1 entities, in source file db/lpm_divide_ucm.tdf
    Info (12023): Found entity 1: lpm_divide_ucm
Info (12021): Found 1 design units, including 1 entities, in source file db/sign_div_unsign_8kh.tdf
    Info (12023): Found entity 1: sign_div_unsign_8kh
Info (12021): Found 1 design units, including 1 entities, in source file db/alt_u_div_ive.tdf
    Info (12023): Found entity 1: alt_u_div_ive
Warning (13012): Latch divider:display|temp_s[0] has unsafe behavior
    Warning (13013): Ports D and ENA on the latch are fed by the same signal show[2]
Warning (13012): Latch divider:display|temp_s[1] has unsafe behavior
    Warning (13013): Ports D and ENA on the latch are fed by the same signal show[2]
Warning (13012): Latch divider:display|temp_s[2] has unsafe behavior
    Warning (13013): Ports D and ENA on the latch are fed by the same signal show[2]
Warning (13012): Latch divider:display|temp_s[3] has unsafe behavior
    Warning (13013): Ports D and ENA on the latch are fed by the same signal show[2]
Warning (13012): Latch divider:display|temp_s[4] has unsafe behavior
    Warning (13013): Ports D and ENA on the latch are fed by the same signal show[2]
Info (13000): Registers with preset signals will power-up high
Info (13003): DEV_CLRn pin will set, and not reset, register with preset signal due to NOT Gate Push-Back
Warning (13024): Output pins are stuck at VCC or GND
    Warning (13410): Pin "dis_3[6]" is stuck at VCC
Critical Warning (18061): Ignored Power-Up Level option on the following registers
    Critical Warning (18010): Register show[2] will power up to High
    Critical Warning (18010): Register show[0] will power up to High
Info (16010): Generating hard_block partition "hard_block:auto_generated_inst"
    Info (16011): Adding 0 node(s), including 0 DDIO, 0 PLL, 0 transceiver and 0 LCELL
Info (21057): Implemented 330 device resources after synthesis - the final resource count might be different
    Info (21058): Implemented 12 input pins
    Info (21059): Implemented 42 output pins
    Info (21061): Implemented 276 logic cells
Info: Quartus II 32-bit Analysis & Synthesis was successful. 0 errors, 87 warnings
    Info: Peak virtual memory: 395 megabytes
    Info: Processing ended: Sun Jun 09 11:52:06 2019
    Info: Elapsed time: 00:00:05
    Info: Total CPU time (on all processors): 00:00:03


